  main.cpp
G:\my\C-code\Space-War\Space-War\ene.h(1,1): warning C4828: 文件包含在偏移 0x188 处开始的字符，该字符在当前源字符集中无效(代码页 65001)。
  (编译源文件“main.cpp”)
  
G:\my\C-code\Space-War\Space-War\ene.h(1,1): warning C4828: 文件包含在偏移 0x189 处开始的字符，该字符在当前源字符集中无效(代码页 65001)。
  (编译源文件“main.cpp”)
  
G:\my\C-code\Space-War\Space-War\ene.h(1,1): warning C4828: 文件包含在偏移 0x18b 处开始的字符，该字符在当前源字符集中无效(代码页 65001)。
  (编译源文件“main.cpp”)
  
G:\my\C-code\Space-War\Space-War\ene.h(1,1): warning C4828: 文件包含在偏移 0x18e 处开始的字符，该字符在当前源字符集中无效(代码页 65001)。
  (编译源文件“main.cpp”)
  
G:\my\C-code\Space-War\Space-War\ene.h(1,1): warning C4828: 文件包含在偏移 0x192 处开始的字符，该字符在当前源字符集中无效(代码页 65001)。
  (编译源文件“main.cpp”)
  
G:\my\C-code\Space-War\Space-War\ene.h(1,1): warning C4828: 文件包含在偏移 0x193 处开始的字符，该字符在当前源字符集中无效(代码页 65001)。
  (编译源文件“main.cpp”)
  
G:\my\C-code\Space-War\Space-War\ene.h(1,1): warning C4828: 文件包含在偏移 0x196 处开始的字符，该字符在当前源字符集中无效(代码页 65001)。
  (编译源文件“main.cpp”)
  
G:\my\C-code\Space-War\Space-War\ene.h(1,1): warning C4828: 文件包含在偏移 0x197 处开始的字符，该字符在当前源字符集中无效(代码页 65001)。
  (编译源文件“main.cpp”)
  
G:\my\C-code\Space-War\Space-War\ene.h(1,1): warning C4828: 文件包含在偏移 0x19a 处开始的字符，该字符在当前源字符集中无效(代码页 65001)。
  (编译源文件“main.cpp”)
  
G:\my\C-code\Space-War\Space-War\ene.h(1,1): warning C4828: 文件包含在偏移 0x19b 处开始的字符，该字符在当前源字符集中无效(代码页 65001)。
  (编译源文件“main.cpp”)
  
G:\my\C-code\Space-War\Space-War\ene.h(1,1): warning C4828: 文件包含在偏移 0x19e 处开始的字符，该字符在当前源字符集中无效(代码页 65001)。
  (编译源文件“main.cpp”)
  
G:\my\C-code\Space-War\Space-War\ene.h(1,1): warning C4828: 文件包含在偏移 0x19f 处开始的字符，该字符在当前源字符集中无效(代码页 65001)。
  (编译源文件“main.cpp”)
  
G:\my\C-code\Space-War\Space-War\ene.h(1,1): warning C4828: 文件包含在偏移 0x1a2 处开始的字符，该字符在当前源字符集中无效(代码页 65001)。
  (编译源文件“main.cpp”)
  
G:\my\C-code\Space-War\Space-War\ene.h(1,1): warning C4828: 文件包含在偏移 0x1a5 处开始的字符，该字符在当前源字符集中无效(代码页 65001)。
  (编译源文件“main.cpp”)
  
G:\my\C-code\Space-War\Space-War\ene.h(1,1): warning C4828: 文件包含在偏移 0x1a6 处开始的字符，该字符在当前源字符集中无效(代码页 65001)。
  (编译源文件“main.cpp”)
  
G:\my\C-code\Space-War\Space-War\ene.h(1,1): warning C4828: 文件包含在偏移 0x1a7 处开始的字符，该字符在当前源字符集中无效(代码页 65001)。
  (编译源文件“main.cpp”)
  
G:\my\C-code\Space-War\Space-War\ene.h(1,1): warning C4828: 文件包含在偏移 0x1a8 处开始的字符，该字符在当前源字符集中无效(代码页 65001)。
  (编译源文件“main.cpp”)
  
G:\my\C-code\Space-War\Space-War\ene.h(1,1): warning C4828: 文件包含在偏移 0x1a9 处开始的字符，该字符在当前源字符集中无效(代码页 65001)。
  (编译源文件“main.cpp”)
  
G:\my\C-code\Space-War\Space-War\ene.h(1,1): warning C4828: 文件包含在偏移 0x1ab 处开始的字符，该字符在当前源字符集中无效(代码页 65001)。
  (编译源文件“main.cpp”)
  
G:\my\C-code\Space-War\Space-War\ene.h(1,1): warning C4828: 文件包含在偏移 0x1ae 处开始的字符，该字符在当前源字符集中无效(代码页 65001)。
  (编译源文件“main.cpp”)
  
G:\my\C-code\Space-War\Space-War\ene.h(1,1): warning C4828: 文件包含在偏移 0x1b4 处开始的字符，该字符在当前源字符集中无效(代码页 65001)。
  (编译源文件“main.cpp”)
  
G:\my\C-code\Space-War\Space-War\ene.h(1,1): warning C4828: 文件包含在偏移 0x1b8 处开始的字符，该字符在当前源字符集中无效(代码页 65001)。
  (编译源文件“main.cpp”)
  
G:\my\C-code\Space-War\Space-War\ene.h(1,1): warning C4828: 文件包含在偏移 0x1b9 处开始的字符，该字符在当前源字符集中无效(代码页 65001)。
  (编译源文件“main.cpp”)
  
G:\my\C-code\Space-War\Space-War\ene.h(1,1): warning C4828: 文件包含在偏移 0x1bc 处开始的字符，该字符在当前源字符集中无效(代码页 65001)。
  (编译源文件“main.cpp”)
  
G:\my\C-code\Space-War\Space-War\main.h(1,1): warning C4828: 文件包含在偏移 0x137 处开始的字符，该字符在当前源字符集中无效(代码页 65001)。
  (编译源文件“main.cpp”)
  
G:\my\C-code\Space-War\Space-War\main.h(1,1): warning C4828: 文件包含在偏移 0x139 处开始的字符，该字符在当前源字符集中无效(代码页 65001)。
  (编译源文件“main.cpp”)
  
G:\my\C-code\Space-War\Space-War\main.h(1,1): warning C4828: 文件包含在偏移 0x13d 处开始的字符，该字符在当前源字符集中无效(代码页 65001)。
  (编译源文件“main.cpp”)
  
G:\my\C-code\Space-War\Space-War\main.h(1,1): warning C4828: 文件包含在偏移 0x58f 处开始的字符，该字符在当前源字符集中无效(代码页 65001)。
  (编译源文件“main.cpp”)
  
G:\my\C-code\Space-War\Space-War\main.h(1,1): warning C4828: 文件包含在偏移 0x591 处开始的字符，该字符在当前源字符集中无效(代码页 65001)。
  (编译源文件“main.cpp”)
  
G:\my\C-code\Space-War\Space-War\main.h(1,1): warning C4828: 文件包含在偏移 0x592 处开始的字符，该字符在当前源字符集中无效(代码页 65001)。
  (编译源文件“main.cpp”)
  
G:\my\C-code\Space-War\Space-War\main.h(1,1): warning C4828: 文件包含在偏移 0x596 处开始的字符，该字符在当前源字符集中无效(代码页 65001)。
  (编译源文件“main.cpp”)
  
G:\my\C-code\Space-War\Space-War\main.h(1,1): warning C4828: 文件包含在偏移 0x599 处开始的字符，该字符在当前源字符集中无效(代码页 65001)。
  (编译源文件“main.cpp”)
  
G:\my\C-code\Space-War\Space-War\main.h(1,1): warning C4828: 文件包含在偏移 0x59a 处开始的字符，该字符在当前源字符集中无效(代码页 65001)。
  (编译源文件“main.cpp”)
  
G:\my\C-code\Space-War\Space-War\main.h(1,1): warning C4828: 文件包含在偏移 0x59e 处开始的字符，该字符在当前源字符集中无效(代码页 65001)。
  (编译源文件“main.cpp”)
  
G:\my\C-code\Space-War\Space-War\main.h(1,1): warning C4828: 文件包含在偏移 0x669 处开始的字符，该字符在当前源字符集中无效(代码页 65001)。
  (编译源文件“main.cpp”)
  
G:\my\C-code\Space-War\Space-War\main.h(1,1): warning C4828: 文件包含在偏移 0x66a 处开始的字符，该字符在当前源字符集中无效(代码页 65001)。
  (编译源文件“main.cpp”)
  
G:\my\C-code\Space-War\Space-War\main.h(1,1): warning C4828: 文件包含在偏移 0x670 处开始的字符，该字符在当前源字符集中无效(代码页 65001)。
  (编译源文件“main.cpp”)
  
G:\my\C-code\Space-War\Space-War\main.h(1,1): warning C4828: 文件包含在偏移 0x978 处开始的字符，该字符在当前源字符集中无效(代码页 65001)。
  (编译源文件“main.cpp”)
  
G:\my\C-code\Space-War\Space-War\main.h(1,1): warning C4828: 文件包含在偏移 0x979 处开始的字符，该字符在当前源字符集中无效(代码页 65001)。
  (编译源文件“main.cpp”)
  
G:\my\C-code\Space-War\Space-War\main.h(1,1): warning C4828: 文件包含在偏移 0xa2a 处开始的字符，该字符在当前源字符集中无效(代码页 65001)。
  (编译源文件“main.cpp”)
  
G:\my\C-code\Space-War\Space-War\main.h(1,1): warning C4828: 文件包含在偏移 0xa2b 处开始的字符，该字符在当前源字符集中无效(代码页 65001)。
  (编译源文件“main.cpp”)
  
G:\my\C-code\Space-War\Space-War\main.h(1,1): warning C4828: 文件包含在偏移 0xa7e 处开始的字符，该字符在当前源字符集中无效(代码页 65001)。
  (编译源文件“main.cpp”)
  
G:\my\C-code\Space-War\Space-War\main.h(1,1): warning C4828: 文件包含在偏移 0xa7f 处开始的字符，该字符在当前源字符集中无效(代码页 65001)。
  (编译源文件“main.cpp”)
  
G:\my\C-code\Space-War\Space-War\ene.h(13,14): warning C4244: “+=”: 从“double”转换到“_Ty”，可能丢失数据
G:\my\C-code\Space-War\Space-War\ene.h(13,14): warning C4244:         with
G:\my\C-code\Space-War\Space-War\ene.h(13,14): warning C4244:         [
G:\my\C-code\Space-War\Space-War\ene.h(13,14): warning C4244:             _Ty=int
G:\my\C-code\Space-War\Space-War\ene.h(13,14): warning C4244:         ]
  (编译源文件“main.cpp”)
  
G:\my\C-code\Space-War\Space-War\ship.h(1,1): warning C4828: 文件包含在偏移 0x4d 处开始的字符，该字符在当前源字符集中无效(代码页 65001)。
  (编译源文件“main.cpp”)
  
G:\my\C-code\Space-War\Space-War\ship.h(1,1): warning C4828: 文件包含在偏移 0x50 处开始的字符，该字符在当前源字符集中无效(代码页 65001)。
  (编译源文件“main.cpp”)
  
G:\my\C-code\Space-War\Space-War\ship.h(1,1): warning C4828: 文件包含在偏移 0x53 处开始的字符，该字符在当前源字符集中无效(代码页 65001)。
  (编译源文件“main.cpp”)
  
G:\my\C-code\Space-War\Space-War\ship.h(1,1): warning C4828: 文件包含在偏移 0x54 处开始的字符，该字符在当前源字符集中无效(代码页 65001)。
  (编译源文件“main.cpp”)
  
G:\my\C-code\Space-War\Space-War\ship.h(1,1): warning C4828: 文件包含在偏移 0x82 处开始的字符，该字符在当前源字符集中无效(代码页 65001)。
  (编译源文件“main.cpp”)
  
G:\my\C-code\Space-War\Space-War\ship.h(1,1): warning C4828: 文件包含在偏移 0x84 处开始的字符，该字符在当前源字符集中无效(代码页 65001)。
  (编译源文件“main.cpp”)
  
G:\my\C-code\Space-War\Space-War\ship.h(1,1): warning C4828: 文件包含在偏移 0x85 处开始的字符，该字符在当前源字符集中无效(代码页 65001)。
  (编译源文件“main.cpp”)
  
G:\my\C-code\Space-War\Space-War\ship.h(1,1): warning C4828: 文件包含在偏移 0x89 处开始的字符，该字符在当前源字符集中无效(代码页 65001)。
  (编译源文件“main.cpp”)
  
G:\my\C-code\Space-War\Space-War\ship.h(1,1): warning C4828: 文件包含在偏移 0xa2 处开始的字符，该字符在当前源字符集中无效(代码页 65001)。
  (编译源文件“main.cpp”)
  
G:\my\C-code\Space-War\Space-War\ship.h(1,1): warning C4828: 文件包含在偏移 0xa4 处开始的字符，该字符在当前源字符集中无效(代码页 65001)。
  (编译源文件“main.cpp”)
  
G:\my\C-code\Space-War\Space-War\ship.h(1,1): warning C4828: 文件包含在偏移 0xa5 处开始的字符，该字符在当前源字符集中无效(代码页 65001)。
  (编译源文件“main.cpp”)
  
G:\my\C-code\Space-War\Space-War\ship.h(1,1): warning C4828: 文件包含在偏移 0xa9 处开始的字符，该字符在当前源字符集中无效(代码页 65001)。
  (编译源文件“main.cpp”)
  
G:\my\C-code\Space-War\Space-War\ship.h(1,1): warning C4828: 文件包含在偏移 0x131 处开始的字符，该字符在当前源字符集中无效(代码页 65001)。
  (编译源文件“main.cpp”)
  
G:\my\C-code\Space-War\Space-War\ship.h(1,1): warning C4828: 文件包含在偏移 0x133 处开始的字符，该字符在当前源字符集中无效(代码页 65001)。
  (编译源文件“main.cpp”)
  
G:\my\C-code\Space-War\Space-War\ship.h(1,1): warning C4828: 文件包含在偏移 0x134 处开始的字符，该字符在当前源字符集中无效(代码页 65001)。
  (编译源文件“main.cpp”)
  
G:\my\C-code\Space-War\Space-War\ship.h(1,1): warning C4828: 文件包含在偏移 0x135 处开始的字符，该字符在当前源字符集中无效(代码页 65001)。
  (编译源文件“main.cpp”)
  
G:\my\C-code\Space-War\Space-War\ship.h(1,1): warning C4828: 文件包含在偏移 0x137 处开始的字符，该字符在当前源字符集中无效(代码页 65001)。
  (编译源文件“main.cpp”)
  
G:\my\C-code\Space-War\Space-War\ship.h(1,1): warning C4828: 文件包含在偏移 0x139 处开始的字符，该字符在当前源字符集中无效(代码页 65001)。
  (编译源文件“main.cpp”)
  
G:\my\C-code\Space-War\Space-War\ship.h(1,1): warning C4828: 文件包含在偏移 0x13a 处开始的字符，该字符在当前源字符集中无效(代码页 65001)。
  (编译源文件“main.cpp”)
  
G:\my\C-code\Space-War\Space-War\ship.h(1,1): warning C4828: 文件包含在偏移 0x2aa 处开始的字符，该字符在当前源字符集中无效(代码页 65001)。
  (编译源文件“main.cpp”)
  
G:\my\C-code\Space-War\Space-War\ship.h(1,1): warning C4828: 文件包含在偏移 0x2ab 处开始的字符，该字符在当前源字符集中无效(代码页 65001)。
  (编译源文件“main.cpp”)
  
G:\my\C-code\Space-War\Space-War\ship.h(1,1): warning C4828: 文件包含在偏移 0x2ac 处开始的字符，该字符在当前源字符集中无效(代码页 65001)。
  (编译源文件“main.cpp”)
  
G:\my\C-code\Space-War\Space-War\ship.h(1,1): warning C4828: 文件包含在偏移 0x2ae 处开始的字符，该字符在当前源字符集中无效(代码页 65001)。
  (编译源文件“main.cpp”)
  
G:\my\C-code\Space-War\Space-War\ship.h(1,1): warning C4828: 文件包含在偏移 0x2af 处开始的字符，该字符在当前源字符集中无效(代码页 65001)。
  (编译源文件“main.cpp”)
  
G:\my\C-code\Space-War\Space-War\ship.h(1,1): warning C4828: 文件包含在偏移 0x324 处开始的字符，该字符在当前源字符集中无效(代码页 65001)。
  (编译源文件“main.cpp”)
  
G:\my\C-code\Space-War\Space-War\ship.h(1,1): warning C4828: 文件包含在偏移 0x325 处开始的字符，该字符在当前源字符集中无效(代码页 65001)。
  (编译源文件“main.cpp”)
  
G:\my\C-code\Space-War\Space-War\ship.h(1,1): warning C4828: 文件包含在偏移 0x326 处开始的字符，该字符在当前源字符集中无效(代码页 65001)。
  (编译源文件“main.cpp”)
  
G:\my\C-code\Space-War\Space-War\ship.h(1,1): warning C4828: 文件包含在偏移 0x327 处开始的字符，该字符在当前源字符集中无效(代码页 65001)。
  (编译源文件“main.cpp”)
  
G:\my\C-code\Space-War\Space-War\ship.h(1,1): warning C4828: 文件包含在偏移 0x32d 处开始的字符，该字符在当前源字符集中无效(代码页 65001)。
  (编译源文件“main.cpp”)
  
G:\my\C-code\Space-War\Space-War\ship.h(1,1): warning C4828: 文件包含在偏移 0x330 处开始的字符，该字符在当前源字符集中无效(代码页 65001)。
  (编译源文件“main.cpp”)
  
G:\my\C-code\Space-War\Space-War\ship.h(1,1): warning C4828: 文件包含在偏移 0x331 处开始的字符，该字符在当前源字符集中无效(代码页 65001)。
  (编译源文件“main.cpp”)
  
G:\my\C-code\Space-War\Space-War\ship.h(1,1): warning C4828: 文件包含在偏移 0x332 处开始的字符，该字符在当前源字符集中无效(代码页 65001)。
  (编译源文件“main.cpp”)
  
G:\my\C-code\Space-War\Space-War\ship.h(1,1): warning C4828: 文件包含在偏移 0x37a 处开始的字符，该字符在当前源字符集中无效(代码页 65001)。
  (编译源文件“main.cpp”)
  
G:\my\C-code\Space-War\Space-War\ship.h(1,1): warning C4828: 文件包含在偏移 0x37c 处开始的字符，该字符在当前源字符集中无效(代码页 65001)。
  (编译源文件“main.cpp”)
  
G:\my\C-code\Space-War\Space-War\ship.h(1,1): warning C4828: 文件包含在偏移 0x37d 处开始的字符，该字符在当前源字符集中无效(代码页 65001)。
  (编译源文件“main.cpp”)
  
G:\my\C-code\Space-War\Space-War\ship.h(1,1): warning C4828: 文件包含在偏移 0x383 处开始的字符，该字符在当前源字符集中无效(代码页 65001)。
  (编译源文件“main.cpp”)
  
G:\my\C-code\Space-War\Space-War\ship.h(1,1): warning C4828: 文件包含在偏移 0x386 处开始的字符，该字符在当前源字符集中无效(代码页 65001)。
  (编译源文件“main.cpp”)
  
G:\my\C-code\Space-War\Space-War\ship.h(40,9): warning C4244: “return”: 从“double”转换到“int”，可能丢失数据
  (编译源文件“main.cpp”)
  
G:\my\C-code\Space-War\Space-War\bullet.h(1,1): warning C4828: 文件包含在偏移 0xc8 处开始的字符，该字符在当前源字符集中无效(代码页 65001)。
  (编译源文件“main.cpp”)
  
G:\my\C-code\Space-War\Space-War\bullet.h(1,1): warning C4828: 文件包含在偏移 0xcc 处开始的字符，该字符在当前源字符集中无效(代码页 65001)。
  (编译源文件“main.cpp”)
  
G:\my\C-code\Space-War\Space-War\bullet.h(1,1): warning C4828: 文件包含在偏移 0xce 处开始的字符，该字符在当前源字符集中无效(代码页 65001)。
  (编译源文件“main.cpp”)
  
G:\my\C-code\Space-War\Space-War\bullet.h(1,1): warning C4828: 文件包含在偏移 0xcf 处开始的字符，该字符在当前源字符集中无效(代码页 65001)。
  (编译源文件“main.cpp”)
  
G:\my\C-code\Space-War\Space-War\bullet.h(1,1): warning C4828: 文件包含在偏移 0xd0 处开始的字符，该字符在当前源字符集中无效(代码页 65001)。
  (编译源文件“main.cpp”)
  
G:\my\C-code\Space-War\Space-War\bullet.h(1,1): warning C4828: 文件包含在偏移 0xd1 处开始的字符，该字符在当前源字符集中无效(代码页 65001)。
  (编译源文件“main.cpp”)
  
G:\my\C-code\Space-War\Space-War\bullet.h(1,1): warning C4828: 文件包含在偏移 0xd2 处开始的字符，该字符在当前源字符集中无效(代码页 65001)。
  (编译源文件“main.cpp”)
  
G:\my\C-code\Space-War\Space-War\bullet.h(1,1): warning C4828: 文件包含在偏移 0xd3 处开始的字符，该字符在当前源字符集中无效(代码页 65001)。
  (编译源文件“main.cpp”)
  
G:\my\C-code\Space-War\Space-War\bullet.h(1,1): warning C4828: 文件包含在偏移 0xd4 处开始的字符，该字符在当前源字符集中无效(代码页 65001)。
  (编译源文件“main.cpp”)
  
G:\my\C-code\Space-War\Space-War\bullet.h(1,1): warning C4828: 文件包含在偏移 0xd5 处开始的字符，该字符在当前源字符集中无效(代码页 65001)。
  (编译源文件“main.cpp”)
  
G:\my\C-code\Space-War\Space-War\bullet.h(1,1): warning C4828: 文件包含在偏移 0xd8 处开始的字符，该字符在当前源字符集中无效(代码页 65001)。
  (编译源文件“main.cpp”)
  
G:\my\C-code\Space-War\Space-War\bullet.h(1,1): warning C4828: 文件包含在偏移 0xd9 处开始的字符，该字符在当前源字符集中无效(代码页 65001)。
  (编译源文件“main.cpp”)
  
G:\my\C-code\Space-War\Space-War\bullet.h(1,1): warning C4828: 文件包含在偏移 0xdd 处开始的字符，该字符在当前源字符集中无效(代码页 65001)。
  (编译源文件“main.cpp”)
  
G:\my\C-code\Space-War\Space-War\bullet.h(1,1): warning C4828: 文件包含在偏移 0xe2 处开始的字符，该字符在当前源字符集中无效(代码页 65001)。
  (编译源文件“main.cpp”)
  
G:\my\C-code\Space-War\Space-War\bullet.h(1,1): warning C4828: 文件包含在偏移 0xe3 处开始的字符，该字符在当前源字符集中无效(代码页 65001)。
  (编译源文件“main.cpp”)
  
G:\my\C-code\Space-War\Space-War\bullet.h(1,1): warning C4828: 文件包含在偏移 0x2e6 处开始的字符，该字符在当前源字符集中无效(代码页 65001)。
  (编译源文件“main.cpp”)
  
G:\my\C-code\Space-War\Space-War\bullet.h(1,1): warning C4828: 文件包含在偏移 0x2e7 处开始的字符，该字符在当前源字符集中无效(代码页 65001)。
  (编译源文件“main.cpp”)
  
G:\my\C-code\Space-War\Space-War\bullet.h(1,1): warning C4828: 文件包含在偏移 0x2e9 处开始的字符，该字符在当前源字符集中无效(代码页 65001)。
  (编译源文件“main.cpp”)
  
G:\my\C-code\Space-War\Space-War\bullet.h(1,1): warning C4828: 文件包含在偏移 0x2ec 处开始的字符，该字符在当前源字符集中无效(代码页 65001)。
  (编译源文件“main.cpp”)
  
G:\my\C-code\Space-War\Space-War\bullet.h(1,1): warning C4828: 文件包含在偏移 0x2f0 处开始的字符，该字符在当前源字符集中无效(代码页 65001)。
  (编译源文件“main.cpp”)
  
G:\my\C-code\Space-War\Space-War\bullet.h(1,1): warning C4828: 文件包含在偏移 0x2f1 处开始的字符，该字符在当前源字符集中无效(代码页 65001)。
  (编译源文件“main.cpp”)
  
G:\my\C-code\Space-War\Space-War\bullet.h(1,1): warning C4828: 文件包含在偏移 0x2f4 处开始的字符，该字符在当前源字符集中无效(代码页 65001)。
  (编译源文件“main.cpp”)
  
G:\my\C-code\Space-War\Space-War\bullet.h(1,1): warning C4828: 文件包含在偏移 0x2f5 处开始的字符，该字符在当前源字符集中无效(代码页 65001)。
  (编译源文件“main.cpp”)
  
G:\my\C-code\Space-War\Space-War\bullet.h(1,1): warning C4828: 文件包含在偏移 0x2f8 处开始的字符，该字符在当前源字符集中无效(代码页 65001)。
  (编译源文件“main.cpp”)
  
G:\my\C-code\Space-War\Space-War\bullet.h(1,1): warning C4828: 文件包含在偏移 0x2f9 处开始的字符，该字符在当前源字符集中无效(代码页 65001)。
  (编译源文件“main.cpp”)
  
G:\my\C-code\Space-War\Space-War\bullet.h(1,1): warning C4828: 文件包含在偏移 0x2fc 处开始的字符，该字符在当前源字符集中无效(代码页 65001)。
  (编译源文件“main.cpp”)
  
G:\my\C-code\Space-War\Space-War\bullet.h(1,1): warning C4828: 文件包含在偏移 0x2fd 处开始的字符，该字符在当前源字符集中无效(代码页 65001)。
  (编译源文件“main.cpp”)
  
G:\my\C-code\Space-War\Space-War\bullet.h(1,1): warning C4828: 文件包含在偏移 0x300 处开始的字符，该字符在当前源字符集中无效(代码页 65001)。
  (编译源文件“main.cpp”)
  
G:\my\C-code\Space-War\Space-War\bullet.h(1,1): warning C4828: 文件包含在偏移 0x302 处开始的字符，该字符在当前源字符集中无效(代码页 65001)。
  (编译源文件“main.cpp”)
  
G:\my\C-code\Space-War\Space-War\bullet.h(1,1): warning C4828: 文件包含在偏移 0x303 处开始的字符，该字符在当前源字符集中无效(代码页 65001)。
  (编译源文件“main.cpp”)
  
G:\my\C-code\Space-War\Space-War\bullet.h(1,1): warning C4828: 文件包含在偏移 0x304 处开始的字符，该字符在当前源字符集中无效(代码页 65001)。
  (编译源文件“main.cpp”)
  
G:\my\C-code\Space-War\Space-War\bullet.h(1,1): warning C4828: 文件包含在偏移 0x305 处开始的字符，该字符在当前源字符集中无效(代码页 65001)。
  (编译源文件“main.cpp”)
  
G:\my\C-code\Space-War\Space-War\bullet.h(1,1): warning C4828: 文件包含在偏移 0x306 处开始的字符，该字符在当前源字符集中无效(代码页 65001)。
  (编译源文件“main.cpp”)
  
G:\my\C-code\Space-War\Space-War\bullet.h(1,1): warning C4828: 文件包含在偏移 0x307 处开始的字符，该字符在当前源字符集中无效(代码页 65001)。
  (编译源文件“main.cpp”)
  
G:\my\C-code\Space-War\Space-War\bullet.h(1,1): warning C4828: 文件包含在偏移 0x309 处开始的字符，该字符在当前源字符集中无效(代码页 65001)。
  (编译源文件“main.cpp”)
  
G:\my\C-code\Space-War\Space-War\bullet.h(1,1): warning C4828: 文件包含在偏移 0x30c 处开始的字符，该字符在当前源字符集中无效(代码页 65001)。
  (编译源文件“main.cpp”)
  
G:\my\C-code\Space-War\Space-War\bullet.h(1,1): warning C4828: 文件包含在偏移 0x312 处开始的字符，该字符在当前源字符集中无效(代码页 65001)。
  (编译源文件“main.cpp”)
  
G:\my\C-code\Space-War\Space-War\bullet.h(1,1): warning C4828: 文件包含在偏移 0x316 处开始的字符，该字符在当前源字符集中无效(代码页 65001)。
  (编译源文件“main.cpp”)
  
G:\my\C-code\Space-War\Space-War\bullet.h(1,1): warning C4828: 文件包含在偏移 0x317 处开始的字符，该字符在当前源字符集中无效(代码页 65001)。
  (编译源文件“main.cpp”)
  
G:\my\C-code\Space-War\Space-War\bullet.h(1,1): warning C4828: 文件包含在偏移 0x31a 处开始的字符，该字符在当前源字符集中无效(代码页 65001)。
  (编译源文件“main.cpp”)
  
G:\my\C-code\Space-War\Space-War\bullet.h(1,1): warning C4828: 文件包含在偏移 0x39d 处开始的字符，该字符在当前源字符集中无效(代码页 65001)。
  (编译源文件“main.cpp”)
  
G:\my\C-code\Space-War\Space-War\bullet.h(1,1): warning C4828: 文件包含在偏移 0x3a0 处开始的字符，该字符在当前源字符集中无效(代码页 65001)。
  (编译源文件“main.cpp”)
  
G:\my\C-code\Space-War\Space-War\bullet.h(1,1): warning C4828: 文件包含在偏移 0x3a4 处开始的字符，该字符在当前源字符集中无效(代码页 65001)。
  (编译源文件“main.cpp”)
  
G:\my\C-code\Space-War\Space-War\bullet.h(1,1): warning C4828: 文件包含在偏移 0x3a5 处开始的字符，该字符在当前源字符集中无效(代码页 65001)。
  (编译源文件“main.cpp”)
  
G:\my\C-code\Space-War\Space-War\bullet.h(1,1): warning C4828: 文件包含在偏移 0x3a6 处开始的字符，该字符在当前源字符集中无效(代码页 65001)。
  (编译源文件“main.cpp”)
  
G:\my\C-code\Space-War\Space-War\bullet.h(1,1): warning C4828: 文件包含在偏移 0x3a9 处开始的字符，该字符在当前源字符集中无效(代码页 65001)。
  (编译源文件“main.cpp”)
  
G:\my\C-code\Space-War\Space-War\bullet.h(1,1): warning C4828: 文件包含在偏移 0x3aa 处开始的字符，该字符在当前源字符集中无效(代码页 65001)。
  (编译源文件“main.cpp”)
  
G:\my\C-code\Space-War\Space-War\bullet.h(1,1): warning C4828: 文件包含在偏移 0x3ad 处开始的字符，该字符在当前源字符集中无效(代码页 65001)。
  (编译源文件“main.cpp”)
  
G:\my\C-code\Space-War\Space-War\bullet.h(1,1): warning C4828: 文件包含在偏移 0x3ae 处开始的字符，该字符在当前源字符集中无效(代码页 65001)。
  (编译源文件“main.cpp”)
  
G:\my\C-code\Space-War\Space-War\bullet.h(1,1): warning C4828: 文件包含在偏移 0x3b1 处开始的字符，该字符在当前源字符集中无效(代码页 65001)。
  (编译源文件“main.cpp”)
  
G:\my\C-code\Space-War\Space-War\bullet.h(1,1): warning C4828: 文件包含在偏移 0x3b5 处开始的字符，该字符在当前源字符集中无效(代码页 65001)。
  (编译源文件“main.cpp”)
  
G:\my\C-code\Space-War\Space-War\bullet.h(1,1): warning C4828: 文件包含在偏移 0x3b6 处开始的字符，该字符在当前源字符集中无效(代码页 65001)。
  (编译源文件“main.cpp”)
  
G:\my\C-code\Space-War\Space-War\bullet.h(1,1): warning C4828: 文件包含在偏移 0x3b7 处开始的字符，该字符在当前源字符集中无效(代码页 65001)。
  (编译源文件“main.cpp”)
  
G:\my\C-code\Space-War\Space-War\bullet.h(1,1): warning C4828: 文件包含在偏移 0x3b8 处开始的字符，该字符在当前源字符集中无效(代码页 65001)。
  (编译源文件“main.cpp”)
  
G:\my\C-code\Space-War\Space-War\bullet.h(1,1): warning C4828: 文件包含在偏移 0x3bb 处开始的字符，该字符在当前源字符集中无效(代码页 65001)。
  (编译源文件“main.cpp”)
  
G:\my\C-code\Space-War\Space-War\bullet.h(1,1): warning C4828: 文件包含在偏移 0x3bd 处开始的字符，该字符在当前源字符集中无效(代码页 65001)。
  (编译源文件“main.cpp”)
  
G:\my\C-code\Space-War\Space-War\bullet.h(1,1): warning C4828: 文件包含在偏移 0x3c1 处开始的字符，该字符在当前源字符集中无效(代码页 65001)。
  (编译源文件“main.cpp”)
  
G:\my\C-code\Space-War\Space-War\bullet.h(1,1): warning C4828: 文件包含在偏移 0x3c2 处开始的字符，该字符在当前源字符集中无效(代码页 65001)。
  (编译源文件“main.cpp”)
  
G:\my\C-code\Space-War\Space-War\bullet.h(1,1): warning C4828: 文件包含在偏移 0x3c3 处开始的字符，该字符在当前源字符集中无效(代码页 65001)。
  (编译源文件“main.cpp”)
  
G:\my\C-code\Space-War\Space-War\bullet.h(1,1): warning C4828: 文件包含在偏移 0x3c4 处开始的字符，该字符在当前源字符集中无效(代码页 65001)。
  (编译源文件“main.cpp”)
  
G:\my\C-code\Space-War\Space-War\bullet.h(1,1): warning C4828: 文件包含在偏移 0x3c7 处开始的字符，该字符在当前源字符集中无效(代码页 65001)。
  (编译源文件“main.cpp”)
  
G:\my\C-code\Space-War\Space-War\bullet.h(1,1): warning C4828: 文件包含在偏移 0x3c9 处开始的字符，该字符在当前源字符集中无效(代码页 65001)。
  (编译源文件“main.cpp”)
  
G:\my\C-code\Space-War\Space-War\bullet.h(1,1): warning C4828: 文件包含在偏移 0x3cb 处开始的字符，该字符在当前源字符集中无效(代码页 65001)。
  (编译源文件“main.cpp”)
  
G:\my\C-code\Space-War\Space-War\bullet.h(1,1): warning C4828: 文件包含在偏移 0x3cc 处开始的字符，该字符在当前源字符集中无效(代码页 65001)。
  (编译源文件“main.cpp”)
  
G:\my\C-code\Space-War\Space-War\bullet.h(1,1): warning C4828: 文件包含在偏移 0x3cd 处开始的字符，该字符在当前源字符集中无效(代码页 65001)。
  (编译源文件“main.cpp”)
  
G:\my\C-code\Space-War\Space-War\bullet.h(1,1): warning C4828: 文件包含在偏移 0x3ce 处开始的字符，该字符在当前源字符集中无效(代码页 65001)。
  (编译源文件“main.cpp”)
  
G:\my\C-code\Space-War\Space-War\bullet.h(1,1): warning C4828: 文件包含在偏移 0x3d0 处开始的字符，该字符在当前源字符集中无效(代码页 65001)。
  (编译源文件“main.cpp”)
  
G:\my\C-code\Space-War\Space-War\bullet.h(1,1): warning C4828: 文件包含在偏移 0x3d3 处开始的字符，该字符在当前源字符集中无效(代码页 65001)。
  (编译源文件“main.cpp”)
  
G:\my\C-code\Space-War\Space-War\bullet.h(1,1): warning C4828: 文件包含在偏移 0x3d4 处开始的字符，该字符在当前源字符集中无效(代码页 65001)。
  (编译源文件“main.cpp”)
  
G:\my\C-code\Space-War\Space-War\bullet.h(1,1): warning C4828: 文件包含在偏移 0x4c8 处开始的字符，该字符在当前源字符集中无效(代码页 65001)。
  (编译源文件“main.cpp”)
  
G:\my\C-code\Space-War\Space-War\bullet.h(1,1): warning C4828: 文件包含在偏移 0x4cc 处开始的字符，该字符在当前源字符集中无效(代码页 65001)。
  (编译源文件“main.cpp”)
  
G:\my\C-code\Space-War\Space-War\bullet.h(1,1): warning C4828: 文件包含在偏移 0x4cd 处开始的字符，该字符在当前源字符集中无效(代码页 65001)。
  (编译源文件“main.cpp”)
  
G:\my\C-code\Space-War\Space-War\bullet.h(1,1): warning C4828: 文件包含在偏移 0x54a 处开始的字符，该字符在当前源字符集中无效(代码页 65001)。
  (编译源文件“main.cpp”)
  
G:\my\C-code\Space-War\Space-War\bullet.h(1,1): warning C4828: 文件包含在偏移 0x54e 处开始的字符，该字符在当前源字符集中无效(代码页 65001)。
  (编译源文件“main.cpp”)
  
G:\my\C-code\Space-War\Space-War\bullet.h(1,1): warning C4828: 文件包含在偏移 0x551 处开始的字符，该字符在当前源字符集中无效(代码页 65001)。
  (编译源文件“main.cpp”)
  
G:\my\C-code\Space-War\Space-War\bullet.h(1,1): warning C4828: 文件包含在偏移 0x552 处开始的字符，该字符在当前源字符集中无效(代码页 65001)。
  (编译源文件“main.cpp”)
  
G:\my\C-code\Space-War\Space-War\bullet.h(1,1): warning C4828: 文件包含在偏移 0x553 处开始的字符，该字符在当前源字符集中无效(代码页 65001)。
  (编译源文件“main.cpp”)
  
G:\my\C-code\Space-War\Space-War\bullet.h(1,1): warning C4828: 文件包含在偏移 0x554 处开始的字符，该字符在当前源字符集中无效(代码页 65001)。
  (编译源文件“main.cpp”)
  
G:\my\C-code\Space-War\Space-War\bullet.h(1,1): warning C4828: 文件包含在偏移 0x555 处开始的字符，该字符在当前源字符集中无效(代码页 65001)。
  (编译源文件“main.cpp”)
  
G:\my\C-code\Space-War\Space-War\bullet.h(1,1): warning C4828: 文件包含在偏移 0x557 处开始的字符，该字符在当前源字符集中无效(代码页 65001)。
  (编译源文件“main.cpp”)
  
G:\my\C-code\Space-War\Space-War\bullet.h(1,1): warning C4828: 文件包含在偏移 0x558 处开始的字符，该字符在当前源字符集中无效(代码页 65001)。
  (编译源文件“main.cpp”)
  
G:\my\C-code\Space-War\Space-War\bullet.h(1,1): warning C4828: 文件包含在偏移 0x559 处开始的字符，该字符在当前源字符集中无效(代码页 65001)。
  (编译源文件“main.cpp”)
  
G:\my\C-code\Space-War\Space-War\bullet.h(1,1): warning C4828: 文件包含在偏移 0x564 处开始的字符，该字符在当前源字符集中无效(代码页 65001)。
  (编译源文件“main.cpp”)
  
G:\my\C-code\Space-War\Space-War\bullet.h(1,1): warning C4828: 文件包含在偏移 0x568 处开始的字符，该字符在当前源字符集中无效(代码页 65001)。
  (编译源文件“main.cpp”)
  
G:\my\C-code\Space-War\Space-War\bullet.h(1,1): warning C4828: 文件包含在偏移 0x569 处开始的字符，该字符在当前源字符集中无效(代码页 65001)。
  (编译源文件“main.cpp”)
  
G:\my\C-code\Space-War\Space-War\bullet.h(1,1): warning C4828: 文件包含在偏移 0x56a 处开始的字符，该字符在当前源字符集中无效(代码页 65001)。
  (编译源文件“main.cpp”)
  
G:\my\C-code\Space-War\Space-War\bullet.h(1,1): warning C4828: 文件包含在偏移 0x56e 处开始的字符，该字符在当前源字符集中无效(代码页 65001)。
  (编译源文件“main.cpp”)
  
G:\my\C-code\Space-War\Space-War\bullet.h(1,1): warning C4828: 文件包含在偏移 0x56f 处开始的字符，该字符在当前源字符集中无效(代码页 65001)。
  (编译源文件“main.cpp”)
  
G:\my\C-code\Space-War\Space-War\bullet.h(1,1): warning C4828: 文件包含在偏移 0x570 处开始的字符，该字符在当前源字符集中无效(代码页 65001)。
  (编译源文件“main.cpp”)
  
G:\my\C-code\Space-War\Space-War\bullet.h(1,1): warning C4828: 文件包含在偏移 0x572 处开始的字符，该字符在当前源字符集中无效(代码页 65001)。
  (编译源文件“main.cpp”)
  
G:\my\C-code\Space-War\Space-War\bullet.h(1,1): warning C4828: 文件包含在偏移 0x573 处开始的字符，该字符在当前源字符集中无效(代码页 65001)。
  (编译源文件“main.cpp”)
  
G:\my\C-code\Space-War\Space-War\bullet.h(1,1): warning C4828: 文件包含在偏移 0x574 处开始的字符，该字符在当前源字符集中无效(代码页 65001)。
  (编译源文件“main.cpp”)
  
G:\my\C-code\Space-War\Space-War\bullet.h(1,1): warning C4828: 文件包含在偏移 0x575 处开始的字符，该字符在当前源字符集中无效(代码页 65001)。
  (编译源文件“main.cpp”)
  
G:\my\C-code\Space-War\Space-War\bullet.h(1,1): warning C4828: 文件包含在偏移 0x576 处开始的字符，该字符在当前源字符集中无效(代码页 65001)。
  (编译源文件“main.cpp”)
  
G:\my\C-code\Space-War\Space-War\bullet.h(1,1): warning C4828: 文件包含在偏移 0x57a 处开始的字符，该字符在当前源字符集中无效(代码页 65001)。
  (编译源文件“main.cpp”)
  
G:\my\C-code\Space-War\Space-War\bullet.h(1,1): warning C4828: 文件包含在偏移 0x57b 处开始的字符，该字符在当前源字符集中无效(代码页 65001)。
  (编译源文件“main.cpp”)
  
G:\my\C-code\Space-War\Space-War\bullet.h(1,1): warning C4828: 文件包含在偏移 0x57c 处开始的字符，该字符在当前源字符集中无效(代码页 65001)。
  (编译源文件“main.cpp”)
  
G:\my\C-code\Space-War\Space-War\bullet.h(1,1): warning C4828: 文件包含在偏移 0x57f 处开始的字符，该字符在当前源字符集中无效(代码页 65001)。
  (编译源文件“main.cpp”)
  
G:\my\C-code\Space-War\Space-War\bullet.h(1,1): warning C4828: 文件包含在偏移 0x580 处开始的字符，该字符在当前源字符集中无效(代码页 65001)。
  (编译源文件“main.cpp”)
  
G:\my\C-code\Space-War\Space-War\bullet.h(1,1): warning C4828: 文件包含在偏移 0x581 处开始的字符，该字符在当前源字符集中无效(代码页 65001)。
  (编译源文件“main.cpp”)
  
G:\my\C-code\Space-War\Space-War\bullet.h(1,1): warning C4828: 文件包含在偏移 0x584 处开始的字符，该字符在当前源字符集中无效(代码页 65001)。
  (编译源文件“main.cpp”)
  
G:\my\C-code\Space-War\Space-War\bullet.h(1,1): warning C4828: 文件包含在偏移 0x586 处开始的字符，该字符在当前源字符集中无效(代码页 65001)。
  (编译源文件“main.cpp”)
  
G:\my\C-code\Space-War\Space-War\bullet.h(1,1): warning C4828: 文件包含在偏移 0x587 处开始的字符，该字符在当前源字符集中无效(代码页 65001)。
  (编译源文件“main.cpp”)
  
G:\my\C-code\Space-War\Space-War\bullet.h(1,1): warning C4828: 文件包含在偏移 0x589 处开始的字符，该字符在当前源字符集中无效(代码页 65001)。
  (编译源文件“main.cpp”)
  
G:\my\C-code\Space-War\Space-War\bullet.h(1,1): warning C4828: 文件包含在偏移 0x58d 处开始的字符，该字符在当前源字符集中无效(代码页 65001)。
  (编译源文件“main.cpp”)
  
G:\my\C-code\Space-War\Space-War\bullet.h(1,1): warning C4828: 文件包含在偏移 0x590 处开始的字符，该字符在当前源字符集中无效(代码页 65001)。
  (编译源文件“main.cpp”)
  
G:\my\C-code\Space-War\Space-War\bullet.h(1,1): warning C4828: 文件包含在偏移 0x594 处开始的字符，该字符在当前源字符集中无效(代码页 65001)。
  (编译源文件“main.cpp”)
  
G:\my\C-code\Space-War\Space-War\bullet.h(1,1): warning C4828: 文件包含在偏移 0x596 处开始的字符，该字符在当前源字符集中无效(代码页 65001)。
  (编译源文件“main.cpp”)
  
G:\my\C-code\Space-War\Space-War\bullet.h(1,1): warning C4828: 文件包含在偏移 0x597 处开始的字符，该字符在当前源字符集中无效(代码页 65001)。
  (编译源文件“main.cpp”)
  
G:\my\C-code\Space-War\Space-War\bullet.h(1,1): warning C4828: 文件包含在偏移 0x63d 处开始的字符，该字符在当前源字符集中无效(代码页 65001)。
  (编译源文件“main.cpp”)
  
G:\my\C-code\Space-War\Space-War\bullet.h(1,1): warning C4828: 文件包含在偏移 0x640 处开始的字符，该字符在当前源字符集中无效(代码页 65001)。
  (编译源文件“main.cpp”)
  
G:\my\C-code\Space-War\Space-War\bullet.h(1,1): warning C4828: 文件包含在偏移 0x641 处开始的字符，该字符在当前源字符集中无效(代码页 65001)。
  (编译源文件“main.cpp”)
  
G:\my\C-code\Space-War\Space-War\bullet.h(1,1): warning C4828: 文件包含在偏移 0x643 处开始的字符，该字符在当前源字符集中无效(代码页 65001)。
  (编译源文件“main.cpp”)
  
G:\my\C-code\Space-War\Space-War\bullet.h(1,1): warning C4828: 文件包含在偏移 0x644 处开始的字符，该字符在当前源字符集中无效(代码页 65001)。
  (编译源文件“main.cpp”)
  
G:\my\C-code\Space-War\Space-War\bullet.h(1,1): warning C4828: 文件包含在偏移 0x647 处开始的字符，该字符在当前源字符集中无效(代码页 65001)。
  (编译源文件“main.cpp”)
  
G:\my\C-code\Space-War\Space-War\bullet.h(1,1): warning C4828: 文件包含在偏移 0x648 处开始的字符，该字符在当前源字符集中无效(代码页 65001)。
  (编译源文件“main.cpp”)
  
G:\my\C-code\Space-War\Space-War\bullet.h(1,1): warning C4828: 文件包含在偏移 0x649 处开始的字符，该字符在当前源字符集中无效(代码页 65001)。
  (编译源文件“main.cpp”)
  
G:\my\C-code\Space-War\Space-War\bullet.h(1,1): warning C4828: 文件包含在偏移 0x64a 处开始的字符，该字符在当前源字符集中无效(代码页 65001)。
  (编译源文件“main.cpp”)
  
G:\my\C-code\Space-War\Space-War\bullet.h(1,1): warning C4828: 文件包含在偏移 0x64b 处开始的字符，该字符在当前源字符集中无效(代码页 65001)。
  (编译源文件“main.cpp”)
  
G:\my\C-code\Space-War\Space-War\bullet.h(1,1): warning C4828: 文件包含在偏移 0x64d 处开始的字符，该字符在当前源字符集中无效(代码页 65001)。
  (编译源文件“main.cpp”)
  
G:\my\C-code\Space-War\Space-War\bullet.h(1,1): warning C4828: 文件包含在偏移 0x64e 处开始的字符，该字符在当前源字符集中无效(代码页 65001)。
  (编译源文件“main.cpp”)
  
G:\my\C-code\Space-War\Space-War\bullet.h(1,1): warning C4828: 文件包含在偏移 0x652 处开始的字符，该字符在当前源字符集中无效(代码页 65001)。
  (编译源文件“main.cpp”)
  
G:\my\C-code\Space-War\Space-War\bullet.h(1,1): warning C4828: 文件包含在偏移 0x655 处开始的字符，该字符在当前源字符集中无效(代码页 65001)。
  (编译源文件“main.cpp”)
  
G:\my\C-code\Space-War\Space-War\bullet.h(1,1): warning C4828: 文件包含在偏移 0x656 处开始的字符，该字符在当前源字符集中无效(代码页 65001)。
  (编译源文件“main.cpp”)
  
G:\my\C-code\Space-War\Space-War\bullet.h(1,1): warning C4828: 文件包含在偏移 0x657 处开始的字符，该字符在当前源字符集中无效(代码页 65001)。
  (编译源文件“main.cpp”)
  
G:\my\C-code\Space-War\Space-War\bullet.h(1,1): warning C4828: 文件包含在偏移 0x658 处开始的字符，该字符在当前源字符集中无效(代码页 65001)。
  (编译源文件“main.cpp”)
  
G:\my\C-code\Space-War\Space-War\bullet.h(1,1): warning C4828: 文件包含在偏移 0x659 处开始的字符，该字符在当前源字符集中无效(代码页 65001)。
  (编译源文件“main.cpp”)
  
G:\my\C-code\Space-War\Space-War\bullet.h(1,1): warning C4828: 文件包含在偏移 0x65a 处开始的字符，该字符在当前源字符集中无效(代码页 65001)。
  (编译源文件“main.cpp”)
  
G:\my\C-code\Space-War\Space-War\bullet.h(1,1): warning C4828: 文件包含在偏移 0x65b 处开始的字符，该字符在当前源字符集中无效(代码页 65001)。
  (编译源文件“main.cpp”)
  
G:\my\C-code\Space-War\Space-War\bullet.h(1,1): warning C4828: 文件包含在偏移 0x65d 处开始的字符，该字符在当前源字符集中无效(代码页 65001)。
  (编译源文件“main.cpp”)
  
G:\my\C-code\Space-War\Space-War\bullet.h(1,1): warning C4828: 文件包含在偏移 0x661 处开始的字符，该字符在当前源字符集中无效(代码页 65001)。
  (编译源文件“main.cpp”)
  
G:\my\C-code\Space-War\Space-War\bullet.h(1,1): warning C4828: 文件包含在偏移 0x662 处开始的字符，该字符在当前源字符集中无效(代码页 65001)。
  (编译源文件“main.cpp”)
  
G:\my\C-code\Space-War\Space-War\bullet.h(1,1): warning C4828: 文件包含在偏移 0x666 处开始的字符，该字符在当前源字符集中无效(代码页 65001)。
  (编译源文件“main.cpp”)
  
G:\my\C-code\Space-War\Space-War\bullet.h(23,17): warning C4244: “-=”: 从“double”转换到“_Ty”，可能丢失数据
G:\my\C-code\Space-War\Space-War\bullet.h(23,17): warning C4244:         with
G:\my\C-code\Space-War\Space-War\bullet.h(23,17): warning C4244:         [
G:\my\C-code\Space-War\Space-War\bullet.h(23,17): warning C4244:             _Ty=int
G:\my\C-code\Space-War\Space-War\bullet.h(23,17): warning C4244:         ]
  (编译源文件“main.cpp”)
  
G:\my\C-code\Space-War\Space-War\main.cpp(115,19): warning C4244: “参数”: 从“double”转换到“int”，可能丢失数据
G:\my\C-code\Space-War\Space-War\main.cpp(116,55): warning C4477: “swprintf_s”: 格式字符串“%d”需要类型“int”的参数，但可变参数 1 拥有了类型“__int64”
      G:\my\C-code\Space-War\Space-War\main.cpp(116,55):
      请考虑在格式字符串中使用“%lld”
      G:\my\C-code\Space-War\Space-War\main.cpp(116,55):
      请考虑在格式字符串中使用“%Id”
      G:\my\C-code\Space-War\Space-War\main.cpp(116,55):
      请考虑在格式字符串中使用“%I64d”
  
  正在生成代码
  0 of 4088 functions ( 0.0%) were compiled, the rest were copied from previous compilation.
    0 functions were new in current compilation
    0 functions had inline decision re-evaluated but remain unchanged
  已完成代码的生成
  Space-War.vcxproj -> G:\my\C-code\Space-War\x64\Release\Space-War.exe
