  main.cpp
G:\my\C-code\Space-War\Space-War\ene.h(1,1): warning C4828: 文件包含在偏移 0x188 处开始的字符，该字符在当前源字符集中无效(代码页 65001)。
  (编译源文件“main.cpp”)
  
G:\my\C-code\Space-War\Space-War\ene.h(1,1): warning C4828: 文件包含在偏移 0x189 处开始的字符，该字符在当前源字符集中无效(代码页 65001)。
  (编译源文件“main.cpp”)
  
G:\my\C-code\Space-War\Space-War\ene.h(1,1): warning C4828: 文件包含在偏移 0x18b 处开始的字符，该字符在当前源字符集中无效(代码页 65001)。
  (编译源文件“main.cpp”)
  
G:\my\C-code\Space-War\Space-War\ene.h(1,1): warning C4828: 文件包含在偏移 0x18e 处开始的字符，该字符在当前源字符集中无效(代码页 65001)。
  (编译源文件“main.cpp”)
  
G:\my\C-code\Space-War\Space-War\ene.h(1,1): warning C4828: 文件包含在偏移 0x192 处开始的字符，该字符在当前源字符集中无效(代码页 65001)。
  (编译源文件“main.cpp”)
  
G:\my\C-code\Space-War\Space-War\ene.h(1,1): warning C4828: 文件包含在偏移 0x193 处开始的字符，该字符在当前源字符集中无效(代码页 65001)。
  (编译源文件“main.cpp”)
  
G:\my\C-code\Space-War\Space-War\ene.h(1,1): warning C4828: 文件包含在偏移 0x196 处开始的字符，该字符在当前源字符集中无效(代码页 65001)。
  (编译源文件“main.cpp”)
  
G:\my\C-code\Space-War\Space-War\ene.h(1,1): warning C4828: 文件包含在偏移 0x197 处开始的字符，该字符在当前源字符集中无效(代码页 65001)。
  (编译源文件“main.cpp”)
  
G:\my\C-code\Space-War\Space-War\ene.h(1,1): warning C4828: 文件包含在偏移 0x19a 处开始的字符，该字符在当前源字符集中无效(代码页 65001)。
  (编译源文件“main.cpp”)
  
G:\my\C-code\Space-War\Space-War\ene.h(1,1): warning C4828: 文件包含在偏移 0x19b 处开始的字符，该字符在当前源字符集中无效(代码页 65001)。
  (编译源文件“main.cpp”)
  
G:\my\C-code\Space-War\Space-War\ene.h(1,1): warning C4828: 文件包含在偏移 0x19e 处开始的字符，该字符在当前源字符集中无效(代码页 65001)。
  (编译源文件“main.cpp”)
  
G:\my\C-code\Space-War\Space-War\ene.h(1,1): warning C4828: 文件包含在偏移 0x19f 处开始的字符，该字符在当前源字符集中无效(代码页 65001)。
  (编译源文件“main.cpp”)
  
G:\my\C-code\Space-War\Space-War\ene.h(1,1): warning C4828: 文件包含在偏移 0x1a2 处开始的字符，该字符在当前源字符集中无效(代码页 65001)。
  (编译源文件“main.cpp”)
  
G:\my\C-code\Space-War\Space-War\ene.h(1,1): warning C4828: 文件包含在偏移 0x1a5 处开始的字符，该字符在当前源字符集中无效(代码页 65001)。
  (编译源文件“main.cpp”)
  
G:\my\C-code\Space-War\Space-War\ene.h(1,1): warning C4828: 文件包含在偏移 0x1a6 处开始的字符，该字符在当前源字符集中无效(代码页 65001)。
  (编译源文件“main.cpp”)
  
G:\my\C-code\Space-War\Space-War\ene.h(1,1): warning C4828: 文件包含在偏移 0x1a7 处开始的字符，该字符在当前源字符集中无效(代码页 65001)。
  (编译源文件“main.cpp”)
  
G:\my\C-code\Space-War\Space-War\ene.h(1,1): warning C4828: 文件包含在偏移 0x1a8 处开始的字符，该字符在当前源字符集中无效(代码页 65001)。
  (编译源文件“main.cpp”)
  
G:\my\C-code\Space-War\Space-War\ene.h(1,1): warning C4828: 文件包含在偏移 0x1a9 处开始的字符，该字符在当前源字符集中无效(代码页 65001)。
  (编译源文件“main.cpp”)
  
G:\my\C-code\Space-War\Space-War\ene.h(1,1): warning C4828: 文件包含在偏移 0x1ab 处开始的字符，该字符在当前源字符集中无效(代码页 65001)。
  (编译源文件“main.cpp”)
  
G:\my\C-code\Space-War\Space-War\ene.h(1,1): warning C4828: 文件包含在偏移 0x1ae 处开始的字符，该字符在当前源字符集中无效(代码页 65001)。
  (编译源文件“main.cpp”)
  
G:\my\C-code\Space-War\Space-War\ene.h(1,1): warning C4828: 文件包含在偏移 0x1b4 处开始的字符，该字符在当前源字符集中无效(代码页 65001)。
  (编译源文件“main.cpp”)
  
G:\my\C-code\Space-War\Space-War\ene.h(1,1): warning C4828: 文件包含在偏移 0x1b8 处开始的字符，该字符在当前源字符集中无效(代码页 65001)。
  (编译源文件“main.cpp”)
  
G:\my\C-code\Space-War\Space-War\ene.h(1,1): warning C4828: 文件包含在偏移 0x1b9 处开始的字符，该字符在当前源字符集中无效(代码页 65001)。
  (编译源文件“main.cpp”)
  
G:\my\C-code\Space-War\Space-War\ene.h(1,1): warning C4828: 文件包含在偏移 0x1bc 处开始的字符，该字符在当前源字符集中无效(代码页 65001)。
  (编译源文件“main.cpp”)
  
G:\my\C-code\Space-War\Space-War\main.h(1,1): warning C4828: 文件包含在偏移 0x103 处开始的字符，该字符在当前源字符集中无效(代码页 65001)。
  (编译源文件“main.cpp”)
  
G:\my\C-code\Space-War\Space-War\main.h(1,1): warning C4828: 文件包含在偏移 0x105 处开始的字符，该字符在当前源字符集中无效(代码页 65001)。
  (编译源文件“main.cpp”)
  
G:\my\C-code\Space-War\Space-War\main.h(1,1): warning C4828: 文件包含在偏移 0x109 处开始的字符，该字符在当前源字符集中无效(代码页 65001)。
  (编译源文件“main.cpp”)
  
G:\my\C-code\Space-War\Space-War\main.h(1,1): warning C4828: 文件包含在偏移 0x55b 处开始的字符，该字符在当前源字符集中无效(代码页 65001)。
  (编译源文件“main.cpp”)
  
G:\my\C-code\Space-War\Space-War\main.h(1,1): warning C4828: 文件包含在偏移 0x55d 处开始的字符，该字符在当前源字符集中无效(代码页 65001)。
  (编译源文件“main.cpp”)
  
G:\my\C-code\Space-War\Space-War\main.h(1,1): warning C4828: 文件包含在偏移 0x55e 处开始的字符，该字符在当前源字符集中无效(代码页 65001)。
  (编译源文件“main.cpp”)
  
G:\my\C-code\Space-War\Space-War\main.h(1,1): warning C4828: 文件包含在偏移 0x562 处开始的字符，该字符在当前源字符集中无效(代码页 65001)。
  (编译源文件“main.cpp”)
  
G:\my\C-code\Space-War\Space-War\main.h(1,1): warning C4828: 文件包含在偏移 0x565 处开始的字符，该字符在当前源字符集中无效(代码页 65001)。
  (编译源文件“main.cpp”)
  
G:\my\C-code\Space-War\Space-War\main.h(1,1): warning C4828: 文件包含在偏移 0x566 处开始的字符，该字符在当前源字符集中无效(代码页 65001)。
  (编译源文件“main.cpp”)
  
G:\my\C-code\Space-War\Space-War\main.h(1,1): warning C4828: 文件包含在偏移 0x56a 处开始的字符，该字符在当前源字符集中无效(代码页 65001)。
  (编译源文件“main.cpp”)
  
G:\my\C-code\Space-War\Space-War\main.h(1,1): warning C4828: 文件包含在偏移 0x635 处开始的字符，该字符在当前源字符集中无效(代码页 65001)。
  (编译源文件“main.cpp”)
  
G:\my\C-code\Space-War\Space-War\main.h(1,1): warning C4828: 文件包含在偏移 0x636 处开始的字符，该字符在当前源字符集中无效(代码页 65001)。
  (编译源文件“main.cpp”)
  
G:\my\C-code\Space-War\Space-War\main.h(1,1): warning C4828: 文件包含在偏移 0x63c 处开始的字符，该字符在当前源字符集中无效(代码页 65001)。
  (编译源文件“main.cpp”)
  
G:\my\C-code\Space-War\Space-War\main.h(1,1): warning C4828: 文件包含在偏移 0x944 处开始的字符，该字符在当前源字符集中无效(代码页 65001)。
  (编译源文件“main.cpp”)
  
G:\my\C-code\Space-War\Space-War\main.h(1,1): warning C4828: 文件包含在偏移 0x945 处开始的字符，该字符在当前源字符集中无效(代码页 65001)。
  (编译源文件“main.cpp”)
  
G:\my\C-code\Space-War\Space-War\main.h(1,1): warning C4828: 文件包含在偏移 0x9f6 处开始的字符，该字符在当前源字符集中无效(代码页 65001)。
  (编译源文件“main.cpp”)
  
G:\my\C-code\Space-War\Space-War\main.h(1,1): warning C4828: 文件包含在偏移 0x9f7 处开始的字符，该字符在当前源字符集中无效(代码页 65001)。
  (编译源文件“main.cpp”)
  
G:\my\C-code\Space-War\Space-War\main.h(1,1): warning C4828: 文件包含在偏移 0xa4a 处开始的字符，该字符在当前源字符集中无效(代码页 65001)。
  (编译源文件“main.cpp”)
  
G:\my\C-code\Space-War\Space-War\main.h(1,1): warning C4828: 文件包含在偏移 0xa4b 处开始的字符，该字符在当前源字符集中无效(代码页 65001)。
  (编译源文件“main.cpp”)
  
G:\my\C-code\Space-War\Space-War\ene.h(13,14): warning C4244: “+=”: 从“double”转换到“_Ty”，可能丢失数据
G:\my\C-code\Space-War\Space-War\ene.h(13,14): warning C4244:         with
G:\my\C-code\Space-War\Space-War\ene.h(13,14): warning C4244:         [
G:\my\C-code\Space-War\Space-War\ene.h(13,14): warning C4244:             _Ty=int
G:\my\C-code\Space-War\Space-War\ene.h(13,14): warning C4244:         ]
  (编译源文件“main.cpp”)
  
G:\my\C-code\Space-War\Space-War\ship.h(1,1): warning C4828: 文件包含在偏移 0x4d 处开始的字符，该字符在当前源字符集中无效(代码页 65001)。
  (编译源文件“main.cpp”)
  
G:\my\C-code\Space-War\Space-War\ship.h(1,1): warning C4828: 文件包含在偏移 0x50 处开始的字符，该字符在当前源字符集中无效(代码页 65001)。
  (编译源文件“main.cpp”)
  
G:\my\C-code\Space-War\Space-War\ship.h(1,1): warning C4828: 文件包含在偏移 0x53 处开始的字符，该字符在当前源字符集中无效(代码页 65001)。
  (编译源文件“main.cpp”)
  
G:\my\C-code\Space-War\Space-War\ship.h(1,1): warning C4828: 文件包含在偏移 0x54 处开始的字符，该字符在当前源字符集中无效(代码页 65001)。
  (编译源文件“main.cpp”)
  
G:\my\C-code\Space-War\Space-War\ship.h(1,1): warning C4828: 文件包含在偏移 0x82 处开始的字符，该字符在当前源字符集中无效(代码页 65001)。
  (编译源文件“main.cpp”)
  
G:\my\C-code\Space-War\Space-War\ship.h(1,1): warning C4828: 文件包含在偏移 0x84 处开始的字符，该字符在当前源字符集中无效(代码页 65001)。
  (编译源文件“main.cpp”)
  
G:\my\C-code\Space-War\Space-War\ship.h(1,1): warning C4828: 文件包含在偏移 0x85 处开始的字符，该字符在当前源字符集中无效(代码页 65001)。
  (编译源文件“main.cpp”)
  
G:\my\C-code\Space-War\Space-War\ship.h(1,1): warning C4828: 文件包含在偏移 0x89 处开始的字符，该字符在当前源字符集中无效(代码页 65001)。
  (编译源文件“main.cpp”)
  
G:\my\C-code\Space-War\Space-War\ship.h(1,1): warning C4828: 文件包含在偏移 0xa2 处开始的字符，该字符在当前源字符集中无效(代码页 65001)。
  (编译源文件“main.cpp”)
  
G:\my\C-code\Space-War\Space-War\ship.h(1,1): warning C4828: 文件包含在偏移 0xa4 处开始的字符，该字符在当前源字符集中无效(代码页 65001)。
  (编译源文件“main.cpp”)
  
G:\my\C-code\Space-War\Space-War\ship.h(1,1): warning C4828: 文件包含在偏移 0xa5 处开始的字符，该字符在当前源字符集中无效(代码页 65001)。
  (编译源文件“main.cpp”)
  
G:\my\C-code\Space-War\Space-War\ship.h(1,1): warning C4828: 文件包含在偏移 0xa9 处开始的字符，该字符在当前源字符集中无效(代码页 65001)。
  (编译源文件“main.cpp”)
  
G:\my\C-code\Space-War\Space-War\ship.h(1,1): warning C4828: 文件包含在偏移 0x131 处开始的字符，该字符在当前源字符集中无效(代码页 65001)。
  (编译源文件“main.cpp”)
  
G:\my\C-code\Space-War\Space-War\ship.h(1,1): warning C4828: 文件包含在偏移 0x133 处开始的字符，该字符在当前源字符集中无效(代码页 65001)。
  (编译源文件“main.cpp”)
  
G:\my\C-code\Space-War\Space-War\ship.h(1,1): warning C4828: 文件包含在偏移 0x134 处开始的字符，该字符在当前源字符集中无效(代码页 65001)。
  (编译源文件“main.cpp”)
  
G:\my\C-code\Space-War\Space-War\ship.h(1,1): warning C4828: 文件包含在偏移 0x135 处开始的字符，该字符在当前源字符集中无效(代码页 65001)。
  (编译源文件“main.cpp”)
  
G:\my\C-code\Space-War\Space-War\ship.h(1,1): warning C4828: 文件包含在偏移 0x137 处开始的字符，该字符在当前源字符集中无效(代码页 65001)。
  (编译源文件“main.cpp”)
  
G:\my\C-code\Space-War\Space-War\ship.h(1,1): warning C4828: 文件包含在偏移 0x139 处开始的字符，该字符在当前源字符集中无效(代码页 65001)。
  (编译源文件“main.cpp”)
  
G:\my\C-code\Space-War\Space-War\ship.h(1,1): warning C4828: 文件包含在偏移 0x13a 处开始的字符，该字符在当前源字符集中无效(代码页 65001)。
  (编译源文件“main.cpp”)
  
G:\my\C-code\Space-War\Space-War\ship.h(1,1): warning C4828: 文件包含在偏移 0x2aa 处开始的字符，该字符在当前源字符集中无效(代码页 65001)。
  (编译源文件“main.cpp”)
  
G:\my\C-code\Space-War\Space-War\ship.h(1,1): warning C4828: 文件包含在偏移 0x2ab 处开始的字符，该字符在当前源字符集中无效(代码页 65001)。
  (编译源文件“main.cpp”)
  
G:\my\C-code\Space-War\Space-War\ship.h(1,1): warning C4828: 文件包含在偏移 0x2ac 处开始的字符，该字符在当前源字符集中无效(代码页 65001)。
  (编译源文件“main.cpp”)
  
G:\my\C-code\Space-War\Space-War\ship.h(1,1): warning C4828: 文件包含在偏移 0x2ae 处开始的字符，该字符在当前源字符集中无效(代码页 65001)。
  (编译源文件“main.cpp”)
  
G:\my\C-code\Space-War\Space-War\ship.h(1,1): warning C4828: 文件包含在偏移 0x2af 处开始的字符，该字符在当前源字符集中无效(代码页 65001)。
  (编译源文件“main.cpp”)
  
G:\my\C-code\Space-War\Space-War\ship.h(1,1): warning C4828: 文件包含在偏移 0x324 处开始的字符，该字符在当前源字符集中无效(代码页 65001)。
  (编译源文件“main.cpp”)
  
G:\my\C-code\Space-War\Space-War\ship.h(1,1): warning C4828: 文件包含在偏移 0x325 处开始的字符，该字符在当前源字符集中无效(代码页 65001)。
  (编译源文件“main.cpp”)
  
G:\my\C-code\Space-War\Space-War\ship.h(1,1): warning C4828: 文件包含在偏移 0x326 处开始的字符，该字符在当前源字符集中无效(代码页 65001)。
  (编译源文件“main.cpp”)
  
G:\my\C-code\Space-War\Space-War\ship.h(1,1): warning C4828: 文件包含在偏移 0x327 处开始的字符，该字符在当前源字符集中无效(代码页 65001)。
  (编译源文件“main.cpp”)
  
G:\my\C-code\Space-War\Space-War\ship.h(1,1): warning C4828: 文件包含在偏移 0x32d 处开始的字符，该字符在当前源字符集中无效(代码页 65001)。
  (编译源文件“main.cpp”)
  
G:\my\C-code\Space-War\Space-War\ship.h(1,1): warning C4828: 文件包含在偏移 0x330 处开始的字符，该字符在当前源字符集中无效(代码页 65001)。
  (编译源文件“main.cpp”)
  
G:\my\C-code\Space-War\Space-War\ship.h(1,1): warning C4828: 文件包含在偏移 0x331 处开始的字符，该字符在当前源字符集中无效(代码页 65001)。
  (编译源文件“main.cpp”)
  
G:\my\C-code\Space-War\Space-War\ship.h(1,1): warning C4828: 文件包含在偏移 0x332 处开始的字符，该字符在当前源字符集中无效(代码页 65001)。
  (编译源文件“main.cpp”)
  
G:\my\C-code\Space-War\Space-War\ship.h(1,1): warning C4828: 文件包含在偏移 0x37a 处开始的字符，该字符在当前源字符集中无效(代码页 65001)。
  (编译源文件“main.cpp”)
  
G:\my\C-code\Space-War\Space-War\ship.h(1,1): warning C4828: 文件包含在偏移 0x37c 处开始的字符，该字符在当前源字符集中无效(代码页 65001)。
  (编译源文件“main.cpp”)
  
G:\my\C-code\Space-War\Space-War\ship.h(1,1): warning C4828: 文件包含在偏移 0x37d 处开始的字符，该字符在当前源字符集中无效(代码页 65001)。
  (编译源文件“main.cpp”)
  
G:\my\C-code\Space-War\Space-War\ship.h(1,1): warning C4828: 文件包含在偏移 0x383 处开始的字符，该字符在当前源字符集中无效(代码页 65001)。
  (编译源文件“main.cpp”)
  
G:\my\C-code\Space-War\Space-War\ship.h(1,1): warning C4828: 文件包含在偏移 0x386 处开始的字符，该字符在当前源字符集中无效(代码页 65001)。
  (编译源文件“main.cpp”)
  
G:\my\C-code\Space-War\Space-War\ship.h(40,9): warning C4244: “return”: 从“double”转换到“int”，可能丢失数据
  (编译源文件“main.cpp”)
  
G:\my\C-code\Space-War\Space-War\main.cpp(114,19): warning C4244: “参数”: 从“double”转换到“int”，可能丢失数据
G:\my\C-code\Space-War\Space-War\main.h(50,1): warning C4715: “GetSystemMemoryUsage”: 不是所有的控件路径都返回值
  Space-War.vcxproj -> G:\my\C-code\Space-War\x64\Debug\Space-War.exe
